{
  "0 debug pnpm:scope": {
    "selected": 1,
    "workspacePrefix": null
  },
  "1 error pnpm": {
    "message": {
      "code": "ELIFECYCLE",
      "errno": "ENOENT",
      "syscall": "spawn",
      "file": "sh",
      "pkgid": "brunch-with-typescript@1.0.1",
      "stage": "start",
      "script": "sudo ./start.sh",
      "pkgname": "brunch-with-typescript"
    },
    "err": {
      "name": "Error",
      "message": "brunch-with-typescript@1.0.1 start: `sudo ./start.sh`\nspawn ENOENT",
      "code": "ELIFECYCLE",
      "stack": "Error: brunch-with-typescript@1.0.1 start: `sudo ./start.sh`\nspawn ENOENT\n    at ChildProcess.<anonymous> (/usr/local/lib/node_modules/pnpm/lib/node_modules/@zkochan/npm-lifecycle/lib/spawn.js:48:18)\n    at ChildProcess.emit (events.js:198:13)\n    at maybeClose (internal/child_process.js:982:16)\n    at Process.ChildProcess._handle.onexit (internal/child_process.js:259:5)"
    }
  }
}